<?xml version="1.0" encoding="UTF-8"?>
<testsuites name="TS002 - Forum" time="7.577" tests="2" failures="0" errors="0">
   <testsuite name="TS002 - Forum" tests="2" failures="0" errors="0" time="7.577" skipped="0" timestamp="05-02-2024T02:06:46" hostname="Careca Delas - Careca-Desktop.home" id="Test Suites/ESO/TS002 - Forum">
      <properties>
         <property name="deviceName" value=""/>
         <property name="devicePlatform" value=""/>
         <property name="logFolder" value="C:\\Users\\Careca Delas\\Documents\\GitHub\\Oasis-Project\\Reports\\20240205_020639\\ESO\\TS002 - Forum\\20240205_020639"/>
         <property name="logFiles" value="C:\\Users\\Careca Delas\\Documents\\GitHub\\Oasis-Project\\Reports\\20240205_020639\\ESO\\TS002 - Forum\\20240205_020639\\execution0.log"/>
         <property name="attachments" value=""/>
         <property name="hostName" value="Careca Delas - Careca-Desktop.home"/>
         <property name="os" value="Windows 10 64bit"/>
         <property name="katalonVersion" value="9.1.0.212"/>
         <property name="browser" value="Chrome 121.0.0.0"/>
         <property name="hostAddress" value="192.168.1.13"/>
         <property name="sessionId" value="bc5ac0439648bc6f9fe2b0cd1a606845"/>
         <property name="seleniumVersion" value="3.141.59"/>
         <property name="proxyInformation" value="ProxyInformation { proxyOption=NO_PROXY, proxyServerType=HTTP, username=, password=********, proxyServerAddress=, proxyServerPort=0, executionList=&quot;&quot;, isApplyToDesiredCapabilities=true }"/>
         <property name="platform" value="Windows 10"/>
      </properties>
      <testcase name="Test Cases/ESO/Forum Validation/F001 - Enter Forum Page" time="7.292" classname="Test Cases/ESO/Forum Validation/F001 - Enter Forum Page" status="PASSED">
         <system-out><![CDATA[05-02-2024T02:06:46 - [TEST_CASE][PASSED] - Test Cases/ESO/Forum Validation/F001 - Enter Forum Page: Test Cases/ESO/Forum Validation/F001 - Enter Forum Page

05-02-2024T02:06:47 - [TEST_STEP][PASSED] - openBrowser(""): Browser is opened with url: ''

05-02-2024T02:06:47 - [MESSAGE][INFO] - Opening browser

05-02-2024T02:06:47 - [MESSAGE][INFO] - Starting 'Chrome' driver

05-02-2024T02:06:47 - [MESSAGE][INFO] - User set preference: ['property', '--window-size=1500,1000']

05-02-2024T02:06:47 - [MESSAGE][INFO] - Action delay is set to 0 milliseconds

05-02-2024T02:06:50 - [MESSAGE][PASSED] - Browser is opened with url: ''

05-02-2024T02:06:50 - [TEST_STEP][PASSED] - navigateToUrl("https://forums.elderscrollsonline.com/en/categories/patch-notes"): Navigate to 'https://forums.elderscrollsonline.com/en/categories/patch-notes' successfully

05-02-2024T02:06:50 - [MESSAGE][INFO] - Checking url

05-02-2024T02:06:50 - [MESSAGE][INFO] - Navigating to 'https://forums.elderscrollsonline.com/en/categories/patch-notes'

05-02-2024T02:06:53 - [MESSAGE][PASSED] - Navigate to 'https://forums.elderscrollsonline.com/en/categories/patch-notes' successfully

05-02-2024T02:06:53 - [TEST_STEP][PASSED] - verifyElementPresent(findTestObject("ESO/Page_Forum/div_Categories"), 0): Object 'Object Repository/ESO/Page_Forum/div_Categories' is present

05-02-2024T02:06:53 - [MESSAGE][INFO] - Finding Test Object 'Object Repository/ESO/Page_Forum/div_Categories'

05-02-2024T02:06:53 - [MESSAGE][INFO] - Checking object

05-02-2024T02:06:53 - [MESSAGE][INFO] - Finding web element from Test Object's properties

05-02-2024T02:06:53 - [MESSAGE][INFO] - Checking timeout

05-02-2024T02:06:53 - [MESSAGE][WARNING] - Timeout '0' is invalid. Using default page load timeout: '30'

05-02-2024T02:06:53 - [MESSAGE][INFO] - Finding web element with id: 'Object Repository/ESO/Page_Forum/div_Categories' located by 'By.xpath: //div[@id='universal-nav']/div/div/div[6]/div/div/div' in '30' second(s)

05-02-2024T02:06:53 - [MESSAGE][INFO] - Smart Wait Function is triggered

05-02-2024T02:06:54 - [MESSAGE][INFO] - Found 19 web elements with id: 'Object Repository/ESO/Page_Forum/div_Categories' located by 'By.xpath: //div[@id='universal-nav']/div/div/div[6]/div/div/div' in '30' second(s)

05-02-2024T02:06:54 - [MESSAGE][PASSED] - Object 'Object Repository/ESO/Page_Forum/div_Categories' is present]]></system-out>
         <system-err><![CDATA[]]></system-err>
      </testcase>
      <testcase name="Test Cases/ESO/Forum Validation/F002 - Forum Options" time="0.08" classname="Test Cases/ESO/Forum Validation/F002 - Forum Options" status="PASSED">
         <system-out><![CDATA[05-02-2024T02:06:54 - [TEST_CASE][PASSED] - Test Cases/ESO/Forum Validation/F002 - Forum Options: Evaluating variables for test case]]></system-out>
         <system-err><![CDATA[]]></system-err>
      </testcase>
      <system-out><![CDATA[05-02-2024T02:06:46 - [TEST_SUITE][INCOMPLETE] - TS002 - Forum: null]]></system-out>
      <system-err><![CDATA[05-02-2024T02:06:46 - [TEST_SUITE][INCOMPLETE] - TS002 - Forum: null]]></system-err>
   </testsuite>
</testsuites>
