<?xml version="1.0" encoding="UTF-8"?>
<testsuites name="Agr Validation" time="82.813" tests="2" failures="0" errors="0">
   <testsuite name="Agr Validation" tests="2" failures="0" errors="0" time="82.813" skipped="0" timestamp="21-01-2024T16:48:25" hostname="Careca Delas - Careca-Desktop.home" id="Test Suites/ESO/Agr Validation">
      <properties>
         <property name="deviceName"/>
         <property name="devicePlatform" value="WINDOWS"/>
         <property name="logFolder" value="C:\\Users\\Careca Delas\\Documents\\GitHub\\Oasis-Project\\Reports\\20240121_164819\\ESO\\Agr Validation\\20240121_164819"/>
         <property name="logFiles" value="C:\\Users\\Careca Delas\\Documents\\GitHub\\Oasis-Project\\Reports\\20240121_164819\\ESO\\Agr Validation\\20240121_164819\\execution0.log"/>
         <property name="attachments" value=""/>
         <property name="hostName" value="Careca Delas - Careca-Desktop.home"/>
         <property name="remoteDriverUrl" value="testcloud.katalon.com/hub"/>
         <property name="desiredCapabilities" value="{&#xa;  &quot;timeouts&quot;: {&#xa;    &quot;implicit&quot;: 0,&#xa;    &quot;pageLoad&quot;: 300000,&#xa;    &quot;script&quot;: 30000&#xa;  },&#xa;  &quot;platform&quot;: &quot;WINDOWS&quot;,&#xa;  &quot;goog:chromeOptions&quot;: {&#xa;    &quot;debuggerAddress&quot;: &quot;localhost:9225&quot;&#xa;  },&#xa;  &quot;requestId&quot;: &quot;a857aed9-78e8-4b58-80e2-edc9261affc0&quot;,&#xa;  &quot;webauthn:extension:credBlob&quot;: true,&#xa;  &quot;acceptInsecureCerts&quot;: false,&#xa;  &quot;browserVersion&quot;: &quot;119.0.0.0&quot;,&#xa;  &quot;fedcm:accounts&quot;: true,&#xa;  &quot;browserName&quot;: &quot;chrome&quot;,&#xa;  &quot;javascriptEnabled&quot;: true,&#xa;  &quot;katalon:option&quot;: {&#xa;    &quot;unlimitedExecutionMinutes&quot;: true,&#xa;    &quot;userId&quot;: 1423099,&#xa;    &quot;organizationId&quot;: &quot;1380540&quot;,&#xa;    &quot;class&quot;: &quot;com.katalon.testcloud.grid.common.tunnel.domain.UserOptionCapability&quot;,&#xa;    &quot;runFromTestCloud&quot;: true,&#xa;    &quot;usingTunnel&quot;: false&#xa;  },&#xa;  &quot;platformName&quot;: &quot;WINDOWS&quot;,&#xa;  &quot;setWindowRect&quot;: true,&#xa;  &quot;webauthn:extension:largeBlob&quot;: true,&#xa;  &quot;networkConnectionEnabled&quot;: false,&#xa;  &quot;chrome&quot;: {&#xa;    &quot;chromedriverVersion&quot;: &quot;119.0.6045.9 (c7ec5863fa5c563b4b9057148aa2ae3f09f7994e-refs/branch-heads/6045@{#87})&quot;,&#xa;    &quot;userDataDir&quot;: &quot;C:\\Program Files (x86)\\scoped_dir3924_1057072487&quot;&#xa;  },&#xa;  &quot;os&quot;: &quot;windows&quot;,&#xa;  &quot;pageLoadStrategy&quot;: &quot;normal&quot;,&#xa;  &quot;unhandledPromptBehavior&quot;: &quot;dismiss and notify&quot;,&#xa;  &quot;strictFileInteractability&quot;: false,&#xa;  &quot;***:loadExtension&quot;: [&#xa;    &quot;https://prod-magicleap-user-files-us-east-1-v1.s3.amazonaws.com/extensions/orgId-691279/SmartWait.zip&quot;&#xa;  ],&#xa;  &quot;version&quot;: &quot;119&quot;,&#xa;  &quot;se:cdp&quot;: &quot;ws://172.48.66.56:4444/session/edcf208adeea98fc7a8680ab02f99668/se/cdp&quot;,&#xa;  &quot;proxy&quot;: {&#xa;    &quot;proxyType&quot;: &quot;DIRECT&quot;,&#xa;    &quot;autodetect&quot;: false&#xa;  },&#xa;  &quot;webauthn:extension:minPinLength&quot;: true,&#xa;  &quot;webdriver.remote.sessionid&quot;: &quot;edcf208adeea98fc7a8680ab02f99668&quot;,&#xa;  &quot;webauthn:extension:prf&quot;: true,&#xa;  &quot;webauthn:virtualAuthenticators&quot;: true&#xa;}"/>
         <property name="os" value="Windows 10 64bit"/>
         <property name="remoteOS" value="Windows"/>
         <property name="katalonVersion" value="9.1.0.212"/>
         <property name="browser" value="Chrome 119.0.0.0"/>
         <property name="hostAddress" value="192.168.1.13"/>
         <property name="sessionId" value="edcf208adeea98fc7a8680ab02f99668"/>
         <property name="seleniumVersion" value="3.141.59"/>
         <property name="proxyInformation" value="ProxyInformation { proxyOption=NO_PROXY, proxyServerType=HTTP, username=, password=********, proxyServerAddress=, proxyServerPort=0, executionList=&quot;&quot;, isApplyToDesiredCapabilities=true }"/>
         <property name="platform" value="Windows 10"/>
      </properties>
      <testcase name="Test Cases/ESO/Age Valitadion/Invalid Age" time="42.706" classname="Test Cases/ESO/Age Valitadion/Invalid Age" status="PASSED">
         <system-out><![CDATA[21-01-2024T16:48:25 - [TEST_CASE][PASSED] - Test Cases/ESO/Age Valitadion/Invalid Age: Test Cases/ESO/Age Valitadion/Invalid Age

21-01-2024T16:48:25 - [TEST_STEP][PASSED] - openBrowser(""): Browser is opened with url: ''

21-01-2024T16:48:25 - [MESSAGE][INFO] - User set preference: ['os', 'windows']

21-01-2024T16:48:25 - [MESSAGE][INFO] - User set preference: ['browserName', 'chrome']

21-01-2024T16:48:25 - [MESSAGE][INFO] - User set preference: ['browserVersion', '119']

21-01-2024T16:48:25 - [MESSAGE][INFO] - User set preference: ['katalon:option', '{organizationId=1380540, tunnelId=, usingTunnel=false}']

21-01-2024T16:48:25 - [MESSAGE][INFO] - Connecting to remote web server 'testcloud.katalon.com/hub' with type 'Selenium'

21-01-2024T16:48:26 - [MESSAGE][INFO] - Action delay is set to 0 milliseconds

21-01-2024T16:48:54 - [MESSAGE][PASSED] - Browser is opened with url: ''

21-01-2024T16:48:54 - [TEST_STEP][PASSED] - today = new java.util.Date(): null

21-01-2024T16:48:54 - [TEST_STEP][PASSED] - todaysDate = format("yyyy-MM-dd").split("-"): null

21-01-2024T16:48:54 - [TEST_STEP][PASSED] - navigateToUrl("https://www.elderscrollsonline.com/en-us/agegate?URL=%2fen-us%2fmedia"): Navigate to 'https://www.elderscrollsonline.com/en-us/agegate?URL=%2fen-us%2fmedia' successfully

21-01-2024T16:48:56 - [MESSAGE][PASSED] - Navigate to 'https://www.elderscrollsonline.com/en-us/agegate?URL=%2fen-us%2fmedia' successfully

21-01-2024T16:48:56 - [TEST_STEP][PASSED] - sendKeys(findTestObject("ESO/Page_Age_Verification/input_Age Verification_month"), todaysDate[1]): Keys '01' sent to object: 'Object Repository/ESO/Page_Age_Verification/input_Age Verification_month'

21-01-2024T16:48:58 - [MESSAGE][PASSED] - Keys '01' sent to object: 'Object Repository/ESO/Page_Age_Verification/input_Age Verification_month'

21-01-2024T16:48:58 - [TEST_STEP][PASSED] - sendKeys(findTestObject("ESO/Page_Age_Verification/input_Age Verification_day"), todaysDate[2]): Keys '21' sent to object: 'Object Repository/ESO/Page_Age_Verification/input_Age Verification_day'

21-01-2024T16:49:00 - [MESSAGE][PASSED] - Keys '21' sent to object: 'Object Repository/ESO/Page_Age_Verification/input_Age Verification_day'

21-01-2024T16:49:00 - [TEST_STEP][PASSED] - sendKeys(findTestObject("ESO/Page_Age_Verification/input_Age Verification_year"), todaysDate[0]): Keys '2024' sent to object: 'Object Repository/ESO/Page_Age_Verification/input_Age Verification_year'

21-01-2024T16:49:02 - [MESSAGE][PASSED] - Keys '2024' sent to object: 'Object Repository/ESO/Page_Age_Verification/input_Age Verification_year'

21-01-2024T16:49:02 - [TEST_STEP][PASSED] - click(findTestObject("ESO/Page_Age_Verification/button_Submit")): Object: 'Object Repository/ESO/Page_Age_Verification/button_Submit' is clicked on

21-01-2024T16:49:05 - [MESSAGE][PASSED] - Object: 'Object Repository/ESO/Page_Age_Verification/button_Submit' is clicked on

21-01-2024T16:49:05 - [TEST_STEP][PASSED] - verifyElementVisible(findTestObject("Object Repository/ESO/Page_Age_Verification/h4_Access Denied")): Object 'Object Repository/ESO/Page_Age_Verification/h4_Access Denied' is visible

21-01-2024T16:49:07 - [MESSAGE][PASSED] - Object 'Object Repository/ESO/Page_Age_Verification/h4_Access Denied' is visible]]></system-out>
         <system-err><![CDATA[]]></system-err>
      </testcase>
      <testcase name="Test Cases/ESO/Age Valitadion/Valid Age" time="39.92" classname="Test Cases/ESO/Age Valitadion/Valid Age" status="PASSED">
         <system-out><![CDATA[21-01-2024T16:49:07 - [TEST_CASE][PASSED] - Test Cases/ESO/Age Valitadion/Valid Age: Test Cases/ESO/Age Valitadion/Valid Age

21-01-2024T16:49:08 - [TEST_STEP][PASSED] - openBrowser(""): Browser is opened with url: ''

21-01-2024T16:49:08 - [MESSAGE][WARNING] - A browser is already opened. Closing browser and opening a new one

21-01-2024T16:49:09 - [MESSAGE][INFO] - User set preference: ['os', 'windows']

21-01-2024T16:49:09 - [MESSAGE][INFO] - User set preference: ['browserName', 'chrome']

21-01-2024T16:49:09 - [MESSAGE][INFO] - User set preference: ['browserVersion', '119']

21-01-2024T16:49:09 - [MESSAGE][INFO] - User set preference: ['katalon:option', '{organizationId=1380540, tunnelId=, usingTunnel=false}']

21-01-2024T16:49:09 - [MESSAGE][INFO] - Connecting to remote web server 'testcloud.katalon.com/hub' with type 'Selenium'

21-01-2024T16:49:09 - [MESSAGE][INFO] - Action delay is set to 0 milliseconds

21-01-2024T16:49:33 - [MESSAGE][PASSED] - Browser is opened with url: ''

21-01-2024T16:49:33 - [TEST_STEP][PASSED] - today = new java.util.Date(): null

21-01-2024T16:49:33 - [TEST_STEP][PASSED] - todaysDate = format("yyyy-MM-dd").split("-"): null

21-01-2024T16:49:33 - [TEST_STEP][PASSED] - year = String.valueOf(Integer.parseInt(todaysDate[0]) - 18): null

21-01-2024T16:49:33 - [TEST_STEP][PASSED] - navigateToUrl("https://www.elderscrollsonline.com/en-us/agegate?URL=%2fen-us%2fmedia"): Navigate to 'https://www.elderscrollsonline.com/en-us/agegate?URL=%2fen-us%2fmedia' successfully

21-01-2024T16:49:35 - [MESSAGE][PASSED] - Navigate to 'https://www.elderscrollsonline.com/en-us/agegate?URL=%2fen-us%2fmedia' successfully

21-01-2024T16:49:35 - [TEST_STEP][PASSED] - sendKeys(findTestObject("ESO/Page_Age_Verification/input_Age Verification_month"), todaysDate[1]): Keys '01' sent to object: 'Object Repository/ESO/Page_Age_Verification/input_Age Verification_month'

21-01-2024T16:49:37 - [MESSAGE][PASSED] - Keys '01' sent to object: 'Object Repository/ESO/Page_Age_Verification/input_Age Verification_month'

21-01-2024T16:49:37 - [TEST_STEP][PASSED] - sendKeys(findTestObject("ESO/Page_Age_Verification/input_Age Verification_day"), todaysDate[2]): Keys '21' sent to object: 'Object Repository/ESO/Page_Age_Verification/input_Age Verification_day'

21-01-2024T16:49:39 - [MESSAGE][PASSED] - Keys '21' sent to object: 'Object Repository/ESO/Page_Age_Verification/input_Age Verification_day'

21-01-2024T16:49:39 - [TEST_STEP][PASSED] - sendKeys(findTestObject("ESO/Page_Age_Verification/input_Age Verification_year"), year): Keys '2006' sent to object: 'Object Repository/ESO/Page_Age_Verification/input_Age Verification_year'

21-01-2024T16:49:41 - [MESSAGE][PASSED] - Keys '2006' sent to object: 'Object Repository/ESO/Page_Age_Verification/input_Age Verification_year'

21-01-2024T16:49:41 - [TEST_STEP][PASSED] - click(findTestObject("ESO/Page_Age_Verification/button_Submit")): Object: 'Object Repository/ESO/Page_Age_Verification/button_Submit' is clicked on

21-01-2024T16:49:47 - [MESSAGE][PASSED] - Object: 'Object Repository/ESO/Page_Age_Verification/button_Submit' is clicked on

21-01-2024T16:49:47 - [TEST_STEP][PASSED] - if (getUrl().compareTo("https://www.elderscrollsonline.com/en-us/media") != 0): Current window's url is: 'https://www.elderscrollsonline.com/en-us/media'

21-01-2024T16:49:47 - [MESSAGE][PASSED] - Current window's url is: 'https://www.elderscrollsonline.com/en-us/media']]></system-out>
         <system-err><![CDATA[]]></system-err>
      </testcase>
      <system-out><![CDATA[21-01-2024T16:48:25 - [TEST_SUITE][PASSED] - Agr Validation: Test Cases/ESO/Age Valitadion/Valid Age]]></system-out>
      <system-err><![CDATA[]]></system-err>
   </testsuite>
</testsuites>
